Build started 7/1/2021 5:36:44 μμ.
     1>Project "C:\ProjectOptikos\ProjectTest\ProjectTest\ProjectTest.vcxproj" on node 2 (build target(s)).
     1>InitializeBuildStatus:
         Touching "Debug\ProjectTest.unsuccessfulbuild".
       GenerateTargetFrameworkMonikerAttribute:
       Skipping target "GenerateTargetFrameworkMonikerAttribute" because all output files are up-to-date with respect to the input files.
       ClCompile:
         All outputs are up-to-date.
         All outputs are up-to-date.
         All outputs are up-to-date.
       CoreResGen:
         No resources are out of date with respect to their source files. Skipping resource generation.
       ResourceCompile:
         All outputs are up-to-date.
       Link:
         C:\Program Files (x86)\Microsoft Visual Studio 10.0\VC\bin\link.exe /ERRORREPORT:PROMPT /OUT:"C:\ProjectOptikos\ProjectTest\Debug\ProjectTest.exe" /INCREMENTAL /NOLOGO /ASSEMBLYRESOURCE:Debug\ProjectTest.Form1.resources /ASSEMBLYRESOURCE:Debug\ProjectTest.Students.resources /ASSEMBLYRESOURCE:Debug\ProjectTest.Subjects.resources /MANIFEST /ManifestFile:"Debug\ProjectTest.exe.intermediate.manifest" /MANIFESTUAC:"level='asInvoker' uiAccess='false'" /DEBUG /PDB:"C:\ProjectOptikos\ProjectTest\Debug\ProjectTest.pdb" /ASSEMBLYDEBUG /SUBSYSTEM:WINDOWS /TLBID:1 /ENTRY:"main" /DYNAMICBASE /FIXED:NO /NXCOMPAT /MACHINE:X86 Debug\app.res
         Debug\AssemblyInfo.obj
         Debug\ProjectTest.obj
         Debug\stdafx.obj
         Debug\Students.obj
         Debug\Subjects.obj
         "Debug\.NETFramework,Version=v4.0.AssemblyAttributes.obj"
     1>Students.obj : error LNK2022: metadata operation failed (801311D6) : Διαφορετικός αριθμός μεθόδων σε πανομοιότυπους τύπους (ProjectTest.Students): (0x02000002).
     1>Students.obj : error LNK2022: metadata operation failed (801311D7) : Διαφορετικός αριθμός πεδίων σε πανομοιότυπους τύπους (ProjectTest.Students): (0x02000002).
     1>Subjects.obj : error LNK2022: metadata operation failed (80131188) : Αντιφατικές δηλώσεις πεδίων σε πανομοιότυπους τύπους (τύποι: ProjectTest.Subjects, πεδία: frm1): (0x04000001).
     1>Subjects.obj : error LNK2022: metadata operation failed (801311D7) : Διαφορετικός αριθμός πεδίων σε πανομοιότυπους τύπους (ProjectTest.Subjects): (0x02000002).
     1>LINK : fatal error LNK1255: link failed because of metadata errors
     1>Done Building Project "C:\ProjectOptikos\ProjectTest\ProjectTest\ProjectTest.vcxproj" (build target(s)) -- FAILED.

Build FAILED.

Time Elapsed 00:00:01.53
